I, [2021-12-04T00:56:58.998505 #40687]  INFO -- : Registered expected interaction GET /
D, [2021-12-04T00:56:58.998836 #40687] DEBUG -- : {
  "description": "a GET request for a todo",
  "providerState": "a todo exists",
  "request": {
    "method": "GET",
    "path": "/",
    "headers": {
      "Accept": {
        "json_class": "Pact::Term",
        "data": {
          "generate": "application/json; charset=utf-8",
          "matcher": {
            "json_class": "Regexp",
            "o": 0,
            "s": "application\\/json; *charset=utf-8"
          }
        }
      }
    }
  },
  "response": {
    "status": 200,
    "headers": {
      "Content-Type": {
        "json_class": "Pact::Term",
        "data": {
          "generate": "application/json; charset=utf-8",
          "matcher": {
            "json_class": "Regexp",
            "o": 0,
            "s": "application\\/json; *charset=utf-8"
          }
        }
      }
    },
    "body": {
      "json_class": "Pact::SomethingLike",
      "contents": {
        "id": 1,
        "content": "Todo 111"
      }
    }
  },
  "metadata": null
}
I, [2021-12-04T00:56:59.014320 #40687]  INFO -- : Received request GET /
D, [2021-12-04T00:56:59.017278 #40687] DEBUG -- : {
  "path": "/",
  "query": "",
  "method": "get",
  "headers": {
    "Accept": "application/json; charset=utf-8",
    "Referer": "http://localhost/",
    "User-Agent": "Mozilla/5.0 (linux) AppleWebKit/537.36 (KHTML, like Gecko) jsdom/16.7.0",
    "Accept-Language": "en",
    "Origin": "http://localhost",
    "Accept-Encoding": "gzip, deflate",
    "Host": "localhost:8080",
    "Connection": "keep-alive",
    "Version": "HTTP/1.1"
  }
}
I, [2021-12-04T00:56:59.017561 #40687]  INFO -- : Found matching response for GET /
D, [2021-12-04T00:56:59.017733 #40687] DEBUG -- : {
  "status": 200,
  "headers": {
    "Content-Type": {
      "json_class": "Pact::Term",
      "data": {
        "generate": "application/json; charset=utf-8",
        "matcher": {
          "json_class": "Regexp",
          "o": 0,
          "s": "application\\/json; *charset=utf-8"
        }
      }
    }
  },
  "body": {
    "json_class": "Pact::SomethingLike",
    "contents": {
      "id": 1,
      "content": "Todo 111"
    }
  }
}
I, [2021-12-04T00:56:59.029127 #40687]  INFO -- : Verifying - interactions matched
I, [2021-12-04T00:56:59.032938 #40687]  INFO -- : Cleared interactions
I, [2021-12-04T00:56:59.038057 #40687]  INFO -- : Registered expected interaction POST /create
D, [2021-12-04T00:56:59.038354 #40687] DEBUG -- : {
  "description": "a POST request to create a todo",
  "providerState": "provider allows todo creation",
  "request": {
    "method": "POST",
    "path": "/create",
    "headers": {
      "Accept": {
        "json_class": "Pact::Term",
        "data": {
          "generate": "application/json; charset=utf-8",
          "matcher": {
            "json_class": "Regexp",
            "o": 0,
            "s": "application\\/json; *charset=utf-8"
          }
        }
      },
      "Content-Type": {
        "json_class": "Pact::Term",
        "data": {
          "generate": "application/json; charset=utf-8",
          "matcher": {
            "json_class": "Regexp",
            "o": 0,
            "s": "application\\/json; *charset=utf-8"
          }
        }
      }
    },
    "body": {
      "content": "Todo 222"
    }
  },
  "response": {
    "status": 201,
    "headers": {
      "Content-Type": {
        "json_class": "Pact::Term",
        "data": {
          "generate": "application/json; charset=utf-8",
          "matcher": {
            "json_class": "Regexp",
            "o": 0,
            "s": "application\\/json; *charset=utf-8"
          }
        }
      }
    },
    "body": {
      "json_class": "Pact::SomethingLike",
      "contents": {
        "id": 2,
        "content": "Todo 222"
      }
    }
  },
  "metadata": null
}
I, [2021-12-04T00:56:59.046069 #40687]  INFO -- : Received request POST /create
D, [2021-12-04T00:56:59.046245 #40687] DEBUG -- : {
  "path": "/create",
  "query": "",
  "method": "post",
  "body": {
    "content": "Todo 222"
  },
  "headers": {
    "Content-Length": "22",
    "Content-Type": "application/json; charset=utf-8",
    "Accept": "application/json; charset=utf-8",
    "Referer": "http://localhost/",
    "User-Agent": "Mozilla/5.0 (linux) AppleWebKit/537.36 (KHTML, like Gecko) jsdom/16.7.0",
    "Accept-Language": "en",
    "Origin": "http://localhost",
    "Accept-Encoding": "gzip, deflate",
    "Host": "localhost:8080",
    "Connection": "keep-alive",
    "Version": "HTTP/1.1"
  }
}
I, [2021-12-04T00:56:59.046624 #40687]  INFO -- : Found matching response for POST /create
D, [2021-12-04T00:56:59.046770 #40687] DEBUG -- : {
  "status": 201,
  "headers": {
    "Content-Type": {
      "json_class": "Pact::Term",
      "data": {
        "generate": "application/json; charset=utf-8",
        "matcher": {
          "json_class": "Regexp",
          "o": 0,
          "s": "application\\/json; *charset=utf-8"
        }
      }
    }
  },
  "body": {
    "json_class": "Pact::SomethingLike",
    "contents": {
      "id": 2,
      "content": "Todo 222"
    }
  }
}
I, [2021-12-04T00:56:59.051370 #40687]  INFO -- : Verifying - interactions matched
I, [2021-12-04T00:56:59.054649 #40687]  INFO -- : Cleared interactions
I, [2021-12-04T00:56:59.058471 #40687]  INFO -- : Updating pact for todo-provider at /home/mehmet/Django-Project/TODO-TDD/Project/todo-app/Todo-App-TDD/frontend/pacts/todo-consumer-todo-provider.json
I, [2021-12-04T00:56:59.061969 #40687]  INFO -- : *****************************************************************************
I, [2021-12-04T00:56:59.062056 #40687]  INFO -- : Updating existing file ./home/mehmet/Django-Project/TODO-TDD/Project/todo-app/Todo-App-TDD/frontend/pacts/todo-consumer-todo-provider.json as pactfile_write_mode is :update
I, [2021-12-04T00:56:59.062084 #40687]  INFO -- : Only interactions defined in this test run will be updated.
I, [2021-12-04T00:56:59.062106 #40687]  INFO -- : As interactions are identified by description and provider state, pleased note that if either of these have changed, the old interactions won't be removed from the pact file until the specs are next run with :pactfile_write_mode => :overwrite.
I, [2021-12-04T00:56:59.062126 #40687]  INFO -- : *****************************************************************************
